<?xml version="1.0" encoding="UTF-8" ?>

<testsuite failures="0" time="0.394" errors="0" skipped="0" tests="1" name="IceBreakersTest">
  <testcase classname="IceBreakersTest" name="testIceBreakerHasSeenAssignment" time="0.394">
      </testcase>
</testsuite>
