<?xml version="1.0" encoding="UTF-8" ?>

<testsuite failures="0" time="25.878" errors="0" skipped="0" tests="11" name="NotificationTests">
  <testcase classname="NotificationTests" name="testHeartbeatFadeout" time="11.075">
      </testcase>
  <testcase classname="NotificationTests" name="testNotifyLogout" time="0.075">
      </testcase>
  <testcase classname="NotificationTests" name="testNotifyLogin" time="0.09">
      </testcase>
  <testcase classname="NotificationTests" name="testNotifyMessage" time="0.084">
      </testcase>
  <testcase classname="NotificationTests" name="testNotifyChatMessage" time="0.086">
      </testcase>
  <testcase classname="NotificationTests" name="testNotifyJoined" time="0.075">
      </testcase>
  <testcase classname="NotificationTests" name="testNotifyLeft" time="0.074">
      </testcase>
  <testcase classname="NotificationTests" name="testNotifyTyping" time="0.071">
      </testcase>
  <testcase classname="NotificationTests" name="testLoginAndDontHeartbeat" time="14.118">
      </testcase>
  <testcase classname="NotificationTests" name="testNotifyUsedPower" time="0.071">
      </testcase>
  <testcase classname="NotificationTests" name="stub" time="0.059">
      </testcase>
</testsuite>
