<?xml version="1.0" encoding="UTF-8" ?>

<testsuite failures="0" time="8.645" errors="0" skipped="0" tests="4" name="PowerRewardsTest">
  <testcase classname="PowerRewardsTest" name="testXRayVision" time="2.393">
      </testcase>
  <testcase classname="PowerRewardsTest" name="testIceBreaker" time="4.092">
      </testcase>
  <testcase classname="PowerRewardsTest" name="testMindReader" time="2.088">
      </testcase>
  <testcase classname="PowerRewardsTest" name="stub" time="0.072">
      </testcase>
</testsuite>
