<?xml version="1.0" encoding="UTF-8" ?>

<testsuite failures="0" time="3.614" errors="0" skipped="0" tests="7" name="UsersTest">
  <testcase classname="UsersTest" name="testSigninResponse" time="2.241">
      </testcase>
  <testcase classname="UsersTest" name="testBadTokenResponse" time="0.277">
      </testcase>
  <testcase classname="UsersTest" name="testBadLogout" time="0.192">
      </testcase>
  <testcase classname="UsersTest" name="testGoodLogout" time="0.18">
      </testcase>
  <testcase classname="UsersTest" name="testGetRandom" time="0.179">
      </testcase>
  <testcase classname="UsersTest" name="testMeetUpFunction" time="0.21">
      </testcase>
  <testcase classname="UsersTest" name="stub" time="0.335">
      </testcase>
</testsuite>
