<?xml version="1.0" encoding="UTF-8" ?>

<testsuite failures="0" time="8.75" errors="0" skipped="0" tests="4" name="SuperPowersTest">
  <testcase classname="SuperPowersTest" name="testEnumsMatchPowers" time="0.117">
      </testcase>
  <testcase classname="SuperPowersTest" name="testGetAdminEvents" time="0.226">
      </testcase>
  <testcase classname="SuperPowersTest" name="testUsePowers" time="8.337">
      </testcase>
  <testcase classname="SuperPowersTest" name="stub" time="0.07">
      </testcase>
</testsuite>
