<?xml version="1.0" encoding="UTF-8" ?>

<testsuite failures="0" time="24.764" errors="0" skipped="0" tests="11" name="NotificationTests">
  <testcase classname="NotificationTests" name="testNotifyNewPower" time="0.077">
      </testcase>
  <testcase classname="NotificationTests" name="testHeartbeatFadeout" time="12.061">
      </testcase>
  <testcase classname="NotificationTests" name="testNotifyLogout" time="0.074">
      </testcase>
  <testcase classname="NotificationTests" name="testNotifyLogin" time="0.067">
      </testcase>
  <testcase classname="NotificationTests" name="testNotifyMessage" time="0.076">
      </testcase>
  <testcase classname="NotificationTests" name="testNotifyChatMessage" time="0.071">
      </testcase>
  <testcase classname="NotificationTests" name="testNotifyJoined" time="0.059">
      </testcase>
  <testcase classname="NotificationTests" name="testNotifyLeft" time="0.06">
      </testcase>
  <testcase classname="NotificationTests" name="testNotifyTyping" time="0.066">
      </testcase>
  <testcase classname="NotificationTests" name="testLoginAndDontHeartbeat" time="12.106">
      </testcase>
  <testcase classname="NotificationTests" name="stub" time="0.047">
      </testcase>
</testsuite>
