<?xml version="1.0" encoding="UTF-8" ?>

<testsuite failures="0" time="0" errors="0" skipped="0" tests="1" name="MyFunctionalTest">
  <testcase classname="MyFunctionalTest" name="stub" time="0">
      </testcase>
</testsuite>
