<?xml version="1.0" encoding="UTF-8" ?>

<testsuite failures="0" time="12.876" errors="0" skipped="0" tests="6" name="PowerRewardsTest">
  <testcase classname="PowerRewardsTest" name="testCloning" time="2.474">
      </testcase>
  <testcase classname="PowerRewardsTest" name="testMindReader" time="2.149">
      </testcase>
  <testcase classname="PowerRewardsTest" name="testMindReaderL2" time="2.166">
      </testcase>
  <testcase classname="PowerRewardsTest" name="testOmniscience" time="3.851">
      </testcase>
  <testcase classname="PowerRewardsTest" name="testXRayLevel1" time="2.132">
      </testcase>
  <testcase classname="PowerRewardsTest" name="stub" time="0.104">
      </testcase>
</testsuite>
