<?xml version="1.0" encoding="UTF-8" ?>

<testsuite failures="0" time="25.355" errors="0" skipped="0" tests="10" name="NotificationTests">
  <testcase classname="NotificationTests" name="testHeartbeatFadeout" time="12.155">
      </testcase>
  <testcase classname="NotificationTests" name="testNotifyLogout" time="0.128">
      </testcase>
  <testcase classname="NotificationTests" name="testNotifyLogin" time="0.126">
      </testcase>
  <testcase classname="NotificationTests" name="testNotifyMessage" time="0.131">
      </testcase>
  <testcase classname="NotificationTests" name="testNotifyChatMessage" time="0.138">
      </testcase>
  <testcase classname="NotificationTests" name="testNotifyJoined" time="0.13">
      </testcase>
  <testcase classname="NotificationTests" name="testNotifyLeft" time="0.184">
      </testcase>
  <testcase classname="NotificationTests" name="testNotifyTyping" time="0.096">
      </testcase>
  <testcase classname="NotificationTests" name="testLoginAndDontHeartbeat" time="12.157">
      </testcase>
  <testcase classname="NotificationTests" name="stub" time="0.11">
      </testcase>
</testsuite>
