<?xml version="1.0" encoding="UTF-8" ?>

<testsuite failures="0" time="2.662" errors="0" skipped="0" tests="4" name="SuperPowersTest">
  <testcase classname="SuperPowersTest" name="testEnumsMatchPowers" time="0.056">
      </testcase>
  <testcase classname="SuperPowersTest" name="testGetAdminEvents" time="0.14">
      </testcase>
  <testcase classname="SuperPowersTest" name="testUsePowers" time="2.412">
      </testcase>
  <testcase classname="SuperPowersTest" name="stub" time="0.054">
      </testcase>
</testsuite>
