<?xml version="1.0" encoding="UTF-8" ?>

<testsuite failures="0" time="0.078" errors="0" skipped="0" tests="1" name="UserNotificationTest">
  <testcase classname="UserNotificationTest" name="testSuperPowerNotification" time="0.078">
      </testcase>
</testsuite>
