<?xml version="1.0" encoding="UTF-8" ?>

<testsuite failures="0" time="10.288" errors="0" skipped="0" tests="7" name="NotificationTests">
  <testcase classname="NotificationTests" name="testHeartbeatFadeout" time="10.045">
      </testcase>
  <testcase classname="NotificationTests" name="testNotifyLogout" time="0.041">
      </testcase>
  <testcase classname="NotificationTests" name="testNotifyLogin" time="0.047">
      </testcase>
  <testcase classname="NotificationTests" name="testNotifyMessage" time="0.043">
      </testcase>
  <testcase classname="NotificationTests" name="testNotifyJoined" time="0.039">
      </testcase>
  <testcase classname="NotificationTests" name="testNotifyLeft" time="0.039">
      </testcase>
  <testcase classname="NotificationTests" name="stub" time="0.034">
      </testcase>
</testsuite>
