<?xml version="1.0" encoding="UTF-8" ?>

<testsuite failures="0" time="0.464" errors="0" skipped="0" tests="2" name="ApplicationTests">
  <testcase classname="ApplicationTests" name="testSelfRequest" time="0.216">
      </testcase>
  <testcase classname="ApplicationTests" name="stub" time="0.248">
      </testcase>
</testsuite>
