<?xml version="1.0" encoding="UTF-8" ?>

<testsuite failures="0" time="5.41" errors="0" skipped="0" tests="3" name="IntervalRewardsTest">
  <testcase classname="IntervalRewardsTest" name="testIceBreaker" time="5.282">
      </testcase>
  <testcase classname="IntervalRewardsTest" name="testBrainMash" time="0.066">
      </testcase>
  <testcase classname="IntervalRewardsTest" name="stub" time="0.062">
      </testcase>
</testsuite>
