<?xml version="1.0" encoding="UTF-8" ?>

<testsuite failures="0" time="13.096" errors="0" skipped="0" tests="9" name="NotificationTests">
  <testcase classname="NotificationTests" name="testHeartbeatFadeout" time="12.176">
      </testcase>
  <testcase classname="NotificationTests" name="testNotifyLogout" time="0.13">
      </testcase>
  <testcase classname="NotificationTests" name="testNotifyLogin" time="0.14">
      </testcase>
  <testcase classname="NotificationTests" name="testNotifyMessage" time="0.116">
      </testcase>
  <testcase classname="NotificationTests" name="testNotifyChatMessage" time="0.106">
      </testcase>
  <testcase classname="NotificationTests" name="testNotifyJoined" time="0.108">
      </testcase>
  <testcase classname="NotificationTests" name="testNotifyLeft" time="0.114">
      </testcase>
  <testcase classname="NotificationTests" name="testNotifyTyping" time="0.091">
      </testcase>
  <testcase classname="NotificationTests" name="stub" time="0.115">
      </testcase>
</testsuite>
