<?xml version="1.0" encoding="UTF-8" ?>

<testsuite failures="0" time="2.636" errors="0" skipped="0" tests="4" name="SuperPowersTest">
  <testcase classname="SuperPowersTest" name="testEnumsMatchPowers" time="0.056">
      </testcase>
  <testcase classname="SuperPowersTest" name="testGetAdminEvents" time="0.129">
      </testcase>
  <testcase classname="SuperPowersTest" name="testUsePowers" time="2.389">
      </testcase>
  <testcase classname="SuperPowersTest" name="stub" time="0.062">
      </testcase>
</testsuite>
