<?xml version="1.0" encoding="UTF-8" ?>

<testsuite failures="0" time="25.785" errors="0" skipped="0" tests="11" name="NotificationTests">
  <testcase classname="NotificationTests" name="testNotifyUsedPower" time="0.067">
      </testcase>
  <testcase classname="NotificationTests" name="testHeartbeatFadeout" time="11.07">
      </testcase>
  <testcase classname="NotificationTests" name="testNotifyLogout" time="0.073">
      </testcase>
  <testcase classname="NotificationTests" name="testNotifyLogin" time="0.067">
      </testcase>
  <testcase classname="NotificationTests" name="testNotifyMessage" time="0.063">
      </testcase>
  <testcase classname="NotificationTests" name="testNotifyChatMessage" time="0.067">
      </testcase>
  <testcase classname="NotificationTests" name="testNotifyJoined" time="0.067">
      </testcase>
  <testcase classname="NotificationTests" name="testNotifyLeft" time="0.067">
      </testcase>
  <testcase classname="NotificationTests" name="testNotifyTyping" time="0.074">
      </testcase>
  <testcase classname="NotificationTests" name="testLoginAndDontHeartbeat" time="14.109">
      </testcase>
  <testcase classname="NotificationTests" name="stub" time="0.061">
      </testcase>
</testsuite>
