<?xml version="1.0" encoding="UTF-8" ?>

<testsuite failures="0" time="8.679" errors="0" skipped="0" tests="4" name="PowerRewardsTest">
  <testcase classname="PowerRewardsTest" name="testXRayVision" time="2.41">
      </testcase>
  <testcase classname="PowerRewardsTest" name="testIceBreaker" time="4.103">
      </testcase>
  <testcase classname="PowerRewardsTest" name="testMindReader" time="2.093">
      </testcase>
  <testcase classname="PowerRewardsTest" name="stub" time="0.073">
      </testcase>
</testsuite>
