<?xml version="1.0" encoding="UTF-8" ?>

<testsuite failures="0" time="26.808" errors="0" skipped="0" tests="11" name="NotificationTests">
  <testcase classname="NotificationTests" name="testHeartbeatFadeout" time="11.148">
      </testcase>
  <testcase classname="NotificationTests" name="testNotifyLogout" time="0.116">
      </testcase>
  <testcase classname="NotificationTests" name="testNotifyLogin" time="0.099">
      </testcase>
  <testcase classname="NotificationTests" name="testNotifyMessage" time="0.14">
      </testcase>
  <testcase classname="NotificationTests" name="testNotifyChatMessage" time="0.169">
      </testcase>
  <testcase classname="NotificationTests" name="testNotifyJoined" time="0.169">
      </testcase>
  <testcase classname="NotificationTests" name="testNotifyLeft" time="0.163">
      </testcase>
  <testcase classname="NotificationTests" name="testNotifyTyping" time="0.202">
      </testcase>
  <testcase classname="NotificationTests" name="testLoginAndDontHeartbeat" time="14.232">
      </testcase>
  <testcase classname="NotificationTests" name="testNotifyUsedPower" time="0.197">
      </testcase>
  <testcase classname="NotificationTests" name="stub" time="0.173">
      </testcase>
</testsuite>
