<?xml version="1.0" encoding="UTF-8" ?>

<testsuite failures="0" time="2.696" errors="0" skipped="0" tests="4" name="SuperPowersTest">
  <testcase classname="SuperPowersTest" name="testEnumsMatchPowers" time="0.134">
      </testcase>
  <testcase classname="SuperPowersTest" name="testGetAdminEvents" time="0.24">
      </testcase>
  <testcase classname="SuperPowersTest" name="testUsePowers" time="2.185">
      </testcase>
  <testcase classname="SuperPowersTest" name="stub" time="0.137">
      </testcase>
</testsuite>
