<?xml version="1.0" encoding="UTF-8" ?>

<testsuite failures="0" time="1.809" errors="0" skipped="0" tests="4" name="ApplicationTest">
  <testcase classname="ApplicationTest" name="testLoginResponse" time="1.492">
      </testcase>
  <testcase classname="ApplicationTest" name="testBadTokenResponse" time="0.185">
      </testcase>
  <testcase classname="ApplicationTest" name="testGoodLogout" time="0.059">
      </testcase>
  <testcase classname="ApplicationTest" name="testBadLogout" time="0.073">
      </testcase>
</testsuite>
