<?xml version="1.0" encoding="UTF-8" ?>

<testsuite failures="0" time="12.46" errors="0" skipped="0" tests="8" name="NotificationTests">
  <testcase classname="NotificationTests" name="testHeartbeatFadeout" time="12.058">
      </testcase>
  <testcase classname="NotificationTests" name="testNotifyLogout" time="0.066">
      </testcase>
  <testcase classname="NotificationTests" name="testNotifyLogin" time="0.055">
      </testcase>
  <testcase classname="NotificationTests" name="testNotifyMessage" time="0.057">
      </testcase>
  <testcase classname="NotificationTests" name="testNotifyChatMessage" time="0.064">
      </testcase>
  <testcase classname="NotificationTests" name="testNotifyJoined" time="0.058">
      </testcase>
  <testcase classname="NotificationTests" name="testNotifyLeft" time="0.058">
      </testcase>
  <testcase classname="NotificationTests" name="stub" time="0.044">
      </testcase>
</testsuite>
