<?xml version="1.0" encoding="UTF-8" ?>

<testsuite failures="0" time="0.416" errors="0" skipped="0" tests="3" name="ServersTest">
  <testcase classname="ServersTest" name="testRoomRequest" time="0.185">
      </testcase>
  <testcase classname="ServersTest" name="testBadRoomRequest" time="0.113">
      </testcase>
  <testcase classname="ServersTest" name="stub" time="0.118">
      </testcase>
</testsuite>
