<?xml version="1.0" encoding="UTF-8" ?>

<testsuite failures="0" time="0.381" errors="0" skipped="0" tests="2" name="UserTest">
  <testcase classname="UserTest" name="testBasicUserFunctions" time="0.178">
      </testcase>
  <testcase classname="UserTest" name="testRoomMeetupFunctions" time="0.203">
      </testcase>
</testsuite>
