<?xml version="1.0" encoding="UTF-8" ?>

<testsuite failures="0" time="12.741" errors="0" skipped="0" tests="9" name="NotificationTests">
  <testcase classname="NotificationTests" name="testHeartbeatFadeout" time="12.129">
      </testcase>
  <testcase classname="NotificationTests" name="testNotifyLogout" time="0.074">
      </testcase>
  <testcase classname="NotificationTests" name="testNotifyLogin" time="0.077">
      </testcase>
  <testcase classname="NotificationTests" name="testNotifyMessage" time="0.098">
      </testcase>
  <testcase classname="NotificationTests" name="testNotifyChatMessage" time="0.075">
      </testcase>
  <testcase classname="NotificationTests" name="testNotifyJoined" time="0.076">
      </testcase>
  <testcase classname="NotificationTests" name="testNotifyLeft" time="0.083">
      </testcase>
  <testcase classname="NotificationTests" name="testNotifyTyping" time="0.072">
      </testcase>
  <testcase classname="NotificationTests" name="stub" time="0.057">
      </testcase>
</testsuite>
