<?xml version="1.0" encoding="UTF-8" ?>

<testsuite failures="0" time="0.576" errors="0" skipped="0" tests="4" name="UserTest">
  <testcase classname="UserTest" name="testBasicUserFunctions" time="0.155">
      </testcase>
  <testcase classname="UserTest" name="testRoomMeetupFunctions" time="0.146">
      </testcase>
  <testcase classname="UserTest" name="testAssigningAndUsingPowers" time="0.149">
      </testcase>
  <testcase classname="UserTest" name="testUsersCanSpeak" time="0.126">
      </testcase>
</testsuite>
