<?xml version="1.0" encoding="UTF-8" ?>

<testsuite failures="0" time="3.127" errors="0" skipped="0" tests="8" name="UsersTest">
  <testcase classname="UsersTest" name="testSigninResponse" time="1.896">
      </testcase>
  <testcase classname="UsersTest" name="testBadTokenResponse" time="0.283">
      </testcase>
  <testcase classname="UsersTest" name="testBadLogout" time="0.135">
      </testcase>
  <testcase classname="UsersTest" name="testGoodLogout" time="0.164">
      </testcase>
  <testcase classname="UsersTest" name="testGetRandom" time="0.129">
      </testcase>
  <testcase classname="UsersTest" name="testMeetUpFunction" time="0.182">
      </testcase>
  <testcase classname="UsersTest" name="testMeetUpFunctionRespectsRemeetEligible" time="0.238">
      </testcase>
  <testcase classname="UsersTest" name="stub" time="0.1">
      </testcase>
</testsuite>
