<?xml version="1.0" encoding="UTF-8" ?>

<testsuite failures="0" time="27.449" errors="0" skipped="0" tests="2" name="IceBreakerRewardsTest">
  <testcase classname="IceBreakerRewardsTest" name="testIceBreaker" time="27.388">
      </testcase>
  <testcase classname="IceBreakerRewardsTest" name="stub" time="0.061">
      </testcase>
</testsuite>
