<?xml version="1.0" encoding="UTF-8" ?>

<testsuite failures="0" time="2.623" errors="0" skipped="0" tests="7" name="UsersTest">
  <testcase classname="UsersTest" name="testSigninResponse" time="1.9">
      </testcase>
  <testcase classname="UsersTest" name="testBadTokenResponse" time="0.207">
      </testcase>
  <testcase classname="UsersTest" name="testBadLogout" time="0.11">
      </testcase>
  <testcase classname="UsersTest" name="testGoodLogout" time="0.085">
      </testcase>
  <testcase classname="UsersTest" name="testMeetUpFunction" time="0.118">
      </testcase>
  <testcase classname="UsersTest" name="testMeetUpFunctionRespectsRemeetEligible" time="0.155">
      </testcase>
  <testcase classname="UsersTest" name="stub" time="0.048">
      </testcase>
</testsuite>
