<?xml version="1.0" encoding="UTF-8" ?>

<testsuite failures="0" time="3.137" errors="0" skipped="0" tests="7" name="UsersTest">
  <testcase classname="UsersTest" name="testSigninResponse" time="2.005">
      </testcase>
  <testcase classname="UsersTest" name="testBadTokenResponse" time="0.278">
      </testcase>
  <testcase classname="UsersTest" name="testBadLogout" time="0.16">
      </testcase>
  <testcase classname="UsersTest" name="testGoodLogout" time="0.157">
      </testcase>
  <testcase classname="UsersTest" name="testMeetUpFunction" time="0.15">
      </testcase>
  <testcase classname="UsersTest" name="testMeetUpFunctionRespectsRemeetEligible" time="0.26">
      </testcase>
  <testcase classname="UsersTest" name="stub" time="0.127">
      </testcase>
</testsuite>
