<?xml version="1.0" encoding="UTF-8" ?>

<testsuite failures="0" time="0.131" errors="0" skipped="0" tests="2" name="EmotionRewardsTest">
  <testcase classname="EmotionRewardsTest" name="testEmotions" time="0.065">
      </testcase>
  <testcase classname="EmotionRewardsTest" name="stub" time="0.066">
      </testcase>
</testsuite>
