<?xml version="1.0" encoding="UTF-8" ?>

<testsuite failures="0" time="24.879" errors="0" skipped="0" tests="10" name="NotificationTests">
  <testcase classname="NotificationTests" name="testHeartbeatFadeout" time="12.073">
      </testcase>
  <testcase classname="NotificationTests" name="testNotifyLogout" time="0.085">
      </testcase>
  <testcase classname="NotificationTests" name="testNotifyLogin" time="0.086">
      </testcase>
  <testcase classname="NotificationTests" name="testNotifyMessage" time="0.088">
      </testcase>
  <testcase classname="NotificationTests" name="testNotifyChatMessage" time="0.084">
      </testcase>
  <testcase classname="NotificationTests" name="testNotifyJoined" time="0.096">
      </testcase>
  <testcase classname="NotificationTests" name="testNotifyLeft" time="0.088">
      </testcase>
  <testcase classname="NotificationTests" name="testNotifyTyping" time="0.082">
      </testcase>
  <testcase classname="NotificationTests" name="testLoginAndDontHeartbeat" time="12.131">
      </testcase>
  <testcase classname="NotificationTests" name="stub" time="0.066">
      </testcase>
</testsuite>
