<?xml version="1.0" encoding="UTF-8" ?>

<testsuite failures="0" time="4.462" errors="0" skipped="0" tests="4" name="PowerRewardsTest">
  <testcase classname="PowerRewardsTest" name="testCloning" time="1.435">
      </testcase>
  <testcase classname="PowerRewardsTest" name="testOmniscience" time="1.832">
      </testcase>
  <testcase classname="PowerRewardsTest" name="testXRayLevel1" time="1.105">
      </testcase>
  <testcase classname="PowerRewardsTest" name="stub" time="0.09">
      </testcase>
</testsuite>
